<?xml version="1.0" encoding="UTF-8"?>
<!-- Generated by org.testng.reporters.JUnitXMLReporter -->
<testsuite ignored="0" hostname="DESKTOP-FHM8NK9" failures="0" tests="8" name="Test" time="263.425" errors="0" timestamp="2024-02-18T08:55:03 IST">
  <testcase classname="com.saucedemo.TestPack.TC01_VerifyLoginFunctioality" name="VerifyLoginFunctioality" time="11.529"/>
  <testcase classname="com.saucedemo.TestPack.TC02_VerifyClickOnProductFunctioality" name="verifyClickOnProductFunctioality" time="9.869"/>
  <testcase classname="com.saucedemo.TestPack.TC03_VerifyProductAddTOCart" name="VerifyProductAddTOCart" time="4.751"/>
  <testcase classname="com.saucedemo.TestPack.TC04_VerifyAllProductAddToCart" name="VerifyAllProductAddToCart" time="12.05"/>
  <testcase classname="com.saucedemo.TestPack.TC05_VerifyEndToEndFuntionality" name="VerifyEndToEndFuntionality" time="27.127"/>
  <testcase classname="com.saucedemo.TestPack.TC06_VerifyFilterFunctionality" name="VerifyFilterFunctionality" time="6.845"/>
  <testcase classname="com.saucedemo.TestPack.TC07_VerifyAboutFunctionality" name="verifyAboutFunctionality" time="28.84"/>
  <testcase classname="com.saucedemo.TestPack.TC08_VerifyLogoutFunctionality" name="verifyLogoutFunctionality" time="8.851"/>
</testsuite> <!-- Test -->
