<?xml version="1.0" encoding="UTF-8"?>
<!-- Generated by org.testng.reporters.JUnitXMLReporter -->
<testsuite ignored="0" hostname="DESKTOP-FHM8NK9" failures="0" tests="4" name="ChromeTest" time="30.563" errors="0" timestamp="2024-02-22T16:08:39 IST">
  <testcase classname="com.saucedemo.TestPack.TC03_VerifyProductAddTOCart" name="VerifyProductAddTOCart" time="6.052"/>
  <testcase classname="com.saucedemo.TestPack.TC01_VerifyLoginFunctioality" name="VerifyLoginFunctioality" time="8.615"/>
  <testcase classname="com.saucedemo.TestPack.TC02_VerifyClickOnProductFunctioality" name="verifyClickOnProductFunctioality" time="11.069"/>
  <testcase classname="com.saucedemo.TestPack.TC04_VerifyAllProductAddToCart" name="VerifyAllProductAddToCart" time="15.45"/>
</testsuite> <!-- ChromeTest -->
