<?xml version="1.0" encoding="UTF-8"?>
<!-- Generated by org.testng.reporters.JUnitXMLReporter -->
<testsuite ignored="0" hostname="DESKTOP-FHM8NK9" failures="0" tests="4" name="FirefoxTest" time="48.557" errors="0" timestamp="2024-02-19T13:31:22 IST">
  <testcase classname="com.saucedemo.TestPack.TC06_VerifyFilterFunctionality" name="VerifyFilterFunctionality" time="7.861"/>
  <testcase classname="com.saucedemo.TestPack.TC08_VerifyLogoutFunctionality" name="verifyLogoutFunctionality" time="9.347"/>
  <testcase classname="com.saucedemo.TestPack.TC07_VerifyAboutFunctionality" name="verifyAboutFunctionality" time="20.776"/>
  <testcase classname="com.saucedemo.TestPack.TC05_VerifyEndToEndFuntionality" name="VerifyEndToEndFuntionality" time="26.996"/>
</testsuite> <!-- FirefoxTest -->
