<?xml version="1.0" encoding="UTF-8"?>
<!-- Generated by org.testng.reporters.JUnitXMLReporter -->
<testsuite ignored="0" hostname="DESKTOP-FHM8NK9" failures="0" tests="4" name="FirefoxTest" time="54.294" errors="0" timestamp="2024-02-22T16:09:33 IST">
  <testcase classname="com.saucedemo.TestPack.TC06_VerifyFilterFunctionality" name="VerifyFilterFunctionality" time="8.604"/>
  <testcase classname="com.saucedemo.TestPack.TC08_VerifyLogoutFunctionality" name="verifyLogoutFunctionality" time="9.722"/>
  <testcase classname="com.saucedemo.TestPack.TC07_VerifyAboutFunctionality" name="verifyAboutFunctionality" time="19.953"/>
  <testcase classname="com.saucedemo.TestPack.TC05_VerifyEndToEndFuntionality" name="VerifyEndToEndFuntionality" time="28.579"/>
</testsuite> <!-- FirefoxTest -->
