<?xml version="1.0" encoding="UTF-8"?>
<!-- Generated by org.testng.reporters.JUnitXMLReporter -->
<testsuite ignored="0" hostname="DESKTOP-FHM8NK9" failures="0" tests="4" name="HighPTest" time="45.04" errors="0" timestamp="2024-02-22T16:06:36 IST">
  <testcase classname="com.saucedemo.TestPack.TC03_VerifyProductAddTOCart" name="VerifyProductAddTOCart" time="15.46"/>
  <testcase classname="com.saucedemo.TestPack.TC01_VerifyLoginFunctioality" name="VerifyLoginFunctioality" time="10.911"/>
  <testcase classname="com.saucedemo.TestPack.TC02_VerifyClickOnProductFunctioality" name="verifyClickOnProductFunctioality" time="13.448"/>
  <testcase classname="com.saucedemo.TestPack.TC04_VerifyAllProductAddToCart" name="VerifyAllProductAddToCart" time="15.377"/>
</testsuite> <!-- HighPTest -->
