<?xml version="1.0" encoding="UTF-8"?>
<!-- Generated by org.testng.reporters.JUnitXMLReporter -->
<testsuite ignored="0" hostname="DESKTOP-FHM8NK9" failures="0" tests="4" name="HighPTest" time="65.742" errors="0" timestamp="2024-02-23T15:57:40 IST">
  <testcase classname="com.saucedemo.TestPack.TC03_VerifyProductAddTOCart" name="VerifyProductAddTOCart" time="15.061"/>
  <testcase classname="com.saucedemo.TestPack.TC01_VerifyLoginFunctioality" name="VerifyLoginFunctioality" time="15.628"/>
  <testcase classname="com.saucedemo.TestPack.TC02_VerifyClickOnProductFunctioality" name="verifyClickOnProductFunctioality" time="18.871"/>
  <testcase classname="com.saucedemo.TestPack.TC04_VerifyAllProductAddToCart" name="VerifyAllProductAddToCart" time="21.555"/>
</testsuite> <!-- HighPTest -->
