<?xml version="1.0" encoding="UTF-8"?>
<!-- Generated by org.testng.reporters.JUnitXMLReporter -->
<testsuite ignored="0" hostname="DESKTOP-FHM8NK9" failures="0" tests="4" name="LowPTest" time="53.786" errors="0" timestamp="2024-03-03T12:01:49 IST">
  <testcase classname="com.saucedemo.TestPack.TC06_VerifyFilterFunctionality" name="VerifyFilterFunctionality" time="14.862"/>
  <testcase classname="com.saucedemo.TestPack.TC08_VerifyLogoutFunctionality" name="verifyLogoutFunctionality" time="18.845"/>
  <testcase classname="com.saucedemo.TestPack.TC07_VerifyAboutFunctionality" name="verifyAboutFunctionality" time="23.539"/>
  <testcase classname="com.saucedemo.TestPack.TC05_VerifyEndToEndFuntionality" name="VerifyEndToEndFuntionality" time="35.04"/>
</testsuite> <!-- LowPTest -->
