<?xml version="1.0" encoding="UTF-8"?>
<!-- Generated by org.testng.reporters.JUnitXMLReporter -->
<testsuite ignored="0" hostname="DESKTOP-FHM8NK9" failures="0" tests="4" name="LowPTest" time="50.048" errors="0" timestamp="2024-02-21T22:39:29 IST">
  <testcase classname="com.saucedemo.TestPack.TC08_VerifyLogoutFunctionality" name="verifyLogoutFunctionality" time="14.461"/>
  <testcase classname="com.saucedemo.TestPack.TC06_VerifyFilterFunctionality" name="VerifyFilterFunctionality" time="14.489"/>
  <testcase classname="com.saucedemo.TestPack.TC07_VerifyAboutFunctionality" name="verifyAboutFunctionality" time="31.476"/>
  <testcase classname="com.saucedemo.TestPack.TC05_VerifyEndToEndFuntionality" name="VerifyEndToEndFuntionality" time="31.683"/>
</testsuite> <!-- LowPTest -->
