<?xml version="1.0" encoding="UTF-8"?>
<testng-results ignored="0" total="8" passed="8" failed="0" skipped="0">
  <reporter-output>
  </reporter-output>
  <suite started-at="2024-02-21T22:37:51 IST" name="Suite" finished-at="2024-02-21T22:39:29 IST" duration-ms="98056">
    <groups>
    </groups>
    <test started-at="2024-02-21T22:37:51 IST" name="HighPTest" finished-at="2024-02-21T22:38:39 IST" duration-ms="47950">
      <class name="com.saucedemo.TestPack.TC01_VerifyLoginFunctioality">
        <test-method is-config="true" signature="preMethod(java.lang.String)[pri:0, instance:com.saucedemo.TestPack.TC01_VerifyLoginFunctioality@3349e9bb]" started-at="2024-02-21T22:37:51 IST" name="preMethod" finished-at="2024-02-21T22:38:26 IST" duration-ms="34297" status="PASS">
          <params>
            <param index="0">
              <value>
                <![CDATA[chrome]]>
              </value>
            </param>
          </params>
          <reporter-output>
          </reporter-output>
        </test-method> <!-- preMethod -->
        <test-method signature="VerifyLoginFunctioality()[pri:0, instance:com.saucedemo.TestPack.TC01_VerifyLoginFunctioality@3349e9bb]" started-at="2024-02-21T22:38:26 IST" name="VerifyLoginFunctioality" finished-at="2024-02-21T22:38:34 IST" duration-ms="8120" status="PASS">
          <reporter-output>
          </reporter-output>
        </test-method> <!-- VerifyLoginFunctioality -->
        <test-method is-config="true" signature="tearDown()[pri:0, instance:com.saucedemo.TestPack.TC01_VerifyLoginFunctioality@3349e9bb]" started-at="2024-02-21T22:38:34 IST" name="tearDown" finished-at="2024-02-21T22:38:36 IST" duration-ms="2392" status="PASS">
          <reporter-output>
          </reporter-output>
        </test-method> <!-- tearDown -->
      </class> <!-- com.saucedemo.TestPack.TC01_VerifyLoginFunctioality -->
      <class name="com.saucedemo.TestPack.TC03_VerifyProductAddTOCart">
        <test-method is-config="true" signature="preMethod(java.lang.String)[pri:0, instance:com.saucedemo.TestPack.TC03_VerifyProductAddTOCart@38d8f54a]" started-at="2024-02-21T22:37:51 IST" name="preMethod" finished-at="2024-02-21T22:38:26 IST" duration-ms="34289" status="PASS">
          <params>
            <param index="0">
              <value>
                <![CDATA[chrome]]>
              </value>
            </param>
          </params>
          <reporter-output>
          </reporter-output>
        </test-method> <!-- preMethod -->
        <test-method signature="VerifyProductAddTOCart()[pri:0, instance:com.saucedemo.TestPack.TC03_VerifyProductAddTOCart@38d8f54a]" started-at="2024-02-21T22:38:26 IST" name="VerifyProductAddTOCart" finished-at="2024-02-21T22:38:31 IST" duration-ms="5237" status="PASS">
          <reporter-output>
          </reporter-output>
        </test-method> <!-- VerifyProductAddTOCart -->
        <test-method is-config="true" signature="tearDown()[pri:0, instance:com.saucedemo.TestPack.TC03_VerifyProductAddTOCart@38d8f54a]" started-at="2024-02-21T22:38:31 IST" name="tearDown" finished-at="2024-02-21T22:38:34 IST" duration-ms="2721" status="PASS">
          <reporter-output>
          </reporter-output>
        </test-method> <!-- tearDown -->
      </class> <!-- com.saucedemo.TestPack.TC03_VerifyProductAddTOCart -->
      <class name="com.saucedemo.TestPack.TC04_VerifyAllProductAddToCart">
        <test-method is-config="true" signature="preMethod(java.lang.String)[pri:0, instance:com.saucedemo.TestPack.TC04_VerifyAllProductAddToCart@49e53c76]" started-at="2024-02-21T22:37:51 IST" name="preMethod" finished-at="2024-02-21T22:38:26 IST" duration-ms="34289" status="PASS">
          <params>
            <param index="0">
              <value>
                <![CDATA[chrome]]>
              </value>
            </param>
          </params>
          <reporter-output>
          </reporter-output>
        </test-method> <!-- preMethod -->
        <test-method signature="VerifyAllProductAddToCart()[pri:0, instance:com.saucedemo.TestPack.TC04_VerifyAllProductAddToCart@49e53c76]" started-at="2024-02-21T22:38:26 IST" name="VerifyAllProductAddToCart" finished-at="2024-02-21T22:38:39 IST" duration-ms="13273" status="PASS">
          <reporter-output>
          </reporter-output>
        </test-method> <!-- VerifyAllProductAddToCart -->
        <test-method is-config="true" signature="tearDown()[pri:0, instance:com.saucedemo.TestPack.TC04_VerifyAllProductAddToCart@49e53c76]" started-at="2024-02-21T22:38:39 IST" name="tearDown" finished-at="2024-02-21T22:38:39 IST" duration-ms="341" status="PASS">
          <reporter-output>
          </reporter-output>
        </test-method> <!-- tearDown -->
      </class> <!-- com.saucedemo.TestPack.TC04_VerifyAllProductAddToCart -->
      <class name="com.saucedemo.TestPack.TC02_VerifyClickOnProductFunctioality">
        <test-method is-config="true" signature="preMethod(java.lang.String)[pri:0, instance:com.saucedemo.TestPack.TC02_VerifyClickOnProductFunctioality@409bf450]" started-at="2024-02-21T22:37:51 IST" name="preMethod" finished-at="2024-02-21T22:38:26 IST" duration-ms="34387" status="PASS">
          <params>
            <param index="0">
              <value>
                <![CDATA[chrome]]>
              </value>
            </param>
          </params>
          <reporter-output>
          </reporter-output>
        </test-method> <!-- preMethod -->
        <test-method signature="verifyClickOnProductFunctioality()[pri:0, instance:com.saucedemo.TestPack.TC02_VerifyClickOnProductFunctioality@409bf450]" started-at="2024-02-21T22:38:26 IST" name="verifyClickOnProductFunctioality" finished-at="2024-02-21T22:38:36 IST" duration-ms="10310" status="PASS">
          <reporter-output>
          </reporter-output>
        </test-method> <!-- verifyClickOnProductFunctioality -->
        <test-method is-config="true" signature="tearDown()[pri:0, instance:com.saucedemo.TestPack.TC02_VerifyClickOnProductFunctioality@409bf450]" started-at="2024-02-21T22:38:36 IST" name="tearDown" finished-at="2024-02-21T22:38:36 IST" duration-ms="378" status="PASS">
          <reporter-output>
          </reporter-output>
        </test-method> <!-- tearDown -->
      </class> <!-- com.saucedemo.TestPack.TC02_VerifyClickOnProductFunctioality -->
    </test> <!-- HighPTest -->
    <test started-at="2024-02-21T22:38:39 IST" name="LowPTest" finished-at="2024-02-21T22:39:29 IST" duration-ms="50048">
      <class name="com.saucedemo.TestPack.TC08_VerifyLogoutFunctionality">
        <test-method is-config="true" signature="preMethod(java.lang.String)[pri:0, instance:com.saucedemo.TestPack.TC08_VerifyLogoutFunctionality@7c7a06ec]" started-at="2024-02-21T22:38:39 IST" name="preMethod" finished-at="2024-02-21T22:38:54 IST" duration-ms="14714" status="PASS">
          <params>
            <param index="0">
              <value>
                <![CDATA[chrome]]>
              </value>
            </param>
          </params>
          <reporter-output>
          </reporter-output>
        </test-method> <!-- preMethod -->
        <test-method signature="verifyLogoutFunctionality()[pri:0, instance:com.saucedemo.TestPack.TC08_VerifyLogoutFunctionality@7c7a06ec]" started-at="2024-02-21T22:38:54 IST" name="verifyLogoutFunctionality" finished-at="2024-02-21T22:39:08 IST" duration-ms="14461" status="PASS">
          <reporter-output>
          </reporter-output>
        </test-method> <!-- verifyLogoutFunctionality -->
        <test-method is-config="true" signature="tearDown()[pri:0, instance:com.saucedemo.TestPack.TC08_VerifyLogoutFunctionality@7c7a06ec]" started-at="2024-02-21T22:39:08 IST" name="tearDown" finished-at="2024-02-21T22:39:22 IST" duration-ms="13854" status="PASS">
          <reporter-output>
          </reporter-output>
        </test-method> <!-- tearDown -->
      </class> <!-- com.saucedemo.TestPack.TC08_VerifyLogoutFunctionality -->
      <class name="com.saucedemo.TestPack.TC07_VerifyAboutFunctionality">
        <test-method is-config="true" signature="preMethod(java.lang.String)[pri:0, instance:com.saucedemo.TestPack.TC07_VerifyAboutFunctionality@5b7a5baa]" started-at="2024-02-21T22:38:39 IST" name="preMethod" finished-at="2024-02-21T22:38:54 IST" duration-ms="14717" status="PASS">
          <params>
            <param index="0">
              <value>
                <![CDATA[chrome]]>
              </value>
            </param>
          </params>
          <reporter-output>
          </reporter-output>
        </test-method> <!-- preMethod -->
        <test-method signature="verifyAboutFunctionality()[pri:0, instance:com.saucedemo.TestPack.TC07_VerifyAboutFunctionality@5b7a5baa]" started-at="2024-02-21T22:38:54 IST" name="verifyAboutFunctionality" finished-at="2024-02-21T22:39:25 IST" duration-ms="31476" status="PASS">
          <reporter-output>
          </reporter-output>
        </test-method> <!-- verifyAboutFunctionality -->
        <test-method is-config="true" signature="tearDown()[pri:0, instance:com.saucedemo.TestPack.TC07_VerifyAboutFunctionality@5b7a5baa]" started-at="2024-02-21T22:39:25 IST" name="tearDown" finished-at="2024-02-21T22:39:29 IST" duration-ms="3847" status="PASS">
          <reporter-output>
          </reporter-output>
        </test-method> <!-- tearDown -->
      </class> <!-- com.saucedemo.TestPack.TC07_VerifyAboutFunctionality -->
      <class name="com.saucedemo.TestPack.TC05_VerifyEndToEndFuntionality">
        <test-method is-config="true" signature="preMethod(java.lang.String)[pri:0, instance:com.saucedemo.TestPack.TC05_VerifyEndToEndFuntionality@175c2241]" started-at="2024-02-21T22:38:39 IST" name="preMethod" finished-at="2024-02-21T22:38:56 IST" duration-ms="16696" status="PASS">
          <params>
            <param index="0">
              <value>
                <![CDATA[chrome]]>
              </value>
            </param>
          </params>
          <reporter-output>
          </reporter-output>
        </test-method> <!-- preMethod -->
        <test-method signature="VerifyEndToEndFuntionality()[pri:0, instance:com.saucedemo.TestPack.TC05_VerifyEndToEndFuntionality@175c2241]" started-at="2024-02-21T22:38:56 IST" name="VerifyEndToEndFuntionality" finished-at="2024-02-21T22:39:28 IST" duration-ms="31683" status="PASS">
          <reporter-output>
          </reporter-output>
        </test-method> <!-- VerifyEndToEndFuntionality -->
        <test-method is-config="true" signature="tearDown()[pri:0, instance:com.saucedemo.TestPack.TC05_VerifyEndToEndFuntionality@175c2241]" started-at="2024-02-21T22:39:28 IST" name="tearDown" finished-at="2024-02-21T22:39:29 IST" duration-ms="1176" status="PASS">
          <reporter-output>
          </reporter-output>
        </test-method> <!-- tearDown -->
      </class> <!-- com.saucedemo.TestPack.TC05_VerifyEndToEndFuntionality -->
      <class name="com.saucedemo.TestPack.TC06_VerifyFilterFunctionality">
        <test-method is-config="true" signature="preMethod(java.lang.String)[pri:0, instance:com.saucedemo.TestPack.TC06_VerifyFilterFunctionality@5bf0d49]" started-at="2024-02-21T22:38:39 IST" name="preMethod" finished-at="2024-02-21T22:38:56 IST" duration-ms="16350" status="PASS">
          <params>
            <param index="0">
              <value>
                <![CDATA[chrome]]>
              </value>
            </param>
          </params>
          <reporter-output>
          </reporter-output>
        </test-method> <!-- preMethod -->
        <test-method signature="VerifyFilterFunctionality()[pri:0, instance:com.saucedemo.TestPack.TC06_VerifyFilterFunctionality@5bf0d49]" started-at="2024-02-21T22:38:56 IST" name="VerifyFilterFunctionality" finished-at="2024-02-21T22:39:10 IST" duration-ms="14489" status="PASS">
          <reporter-output>
          </reporter-output>
        </test-method> <!-- VerifyFilterFunctionality -->
        <test-method is-config="true" signature="tearDown()[pri:0, instance:com.saucedemo.TestPack.TC06_VerifyFilterFunctionality@5bf0d49]" started-at="2024-02-21T22:39:10 IST" name="tearDown" finished-at="2024-02-21T22:39:13 IST" duration-ms="2662" status="PASS">
          <reporter-output>
          </reporter-output>
        </test-method> <!-- tearDown -->
      </class> <!-- com.saucedemo.TestPack.TC06_VerifyFilterFunctionality -->
    </test> <!-- LowPTest -->
  </suite> <!-- Suite -->
</testng-results>
