<?xml version="1.0" encoding="UTF-8"?>
<testng-results ignored="0" total="8" passed="8" failed="0" skipped="0">
  <reporter-output>
  </reporter-output>
  <suite started-at="2024-02-23T15:56:34 IST" name="Suite" finished-at="2024-02-23T15:58:52 IST" duration-ms="137691">
    <groups>
    </groups>
    <test started-at="2024-02-23T15:56:34 IST" name="HighPTest" finished-at="2024-02-23T15:57:40 IST" duration-ms="65742">
      <class name="com.saucedemo.TestPack.TC01_VerifyLoginFunctioality">
        <test-method is-config="true" signature="preMethod(java.lang.String)[pri:0, instance:com.saucedemo.TestPack.TC01_VerifyLoginFunctioality@3349e9bb]" started-at="2024-02-23T15:56:34 IST" name="preMethod" finished-at="2024-02-23T15:57:14 IST" duration-ms="39233" status="PASS">
          <params>
            <param index="0">
              <value>
                <![CDATA[chrome]]>
              </value>
            </param>
          </params>
          <reporter-output>
          </reporter-output>
        </test-method> <!-- preMethod -->
        <test-method signature="VerifyLoginFunctioality()[pri:0, instance:com.saucedemo.TestPack.TC01_VerifyLoginFunctioality@3349e9bb]" started-at="2024-02-23T15:57:18 IST" name="VerifyLoginFunctioality" finished-at="2024-02-23T15:57:34 IST" duration-ms="15628" status="PASS">
          <reporter-output>
          </reporter-output>
        </test-method> <!-- VerifyLoginFunctioality -->
        <test-method is-config="true" signature="tearDown()[pri:0, instance:com.saucedemo.TestPack.TC01_VerifyLoginFunctioality@3349e9bb]" started-at="2024-02-23T15:57:34 IST" name="tearDown" finished-at="2024-02-23T15:57:37 IST" duration-ms="3601" status="PASS">
          <reporter-output>
          </reporter-output>
        </test-method> <!-- tearDown -->
      </class> <!-- com.saucedemo.TestPack.TC01_VerifyLoginFunctioality -->
      <class name="com.saucedemo.TestPack.TC03_VerifyProductAddTOCart">
        <test-method is-config="true" signature="preMethod(java.lang.String)[pri:0, instance:com.saucedemo.TestPack.TC03_VerifyProductAddTOCart@38d8f54a]" started-at="2024-02-23T15:56:34 IST" name="preMethod" finished-at="2024-02-23T15:57:18 IST" duration-ms="43998" status="PASS">
          <params>
            <param index="0">
              <value>
                <![CDATA[chrome]]>
              </value>
            </param>
          </params>
          <reporter-output>
          </reporter-output>
        </test-method> <!-- preMethod -->
        <test-method signature="VerifyProductAddTOCart()[pri:0, instance:com.saucedemo.TestPack.TC03_VerifyProductAddTOCart@38d8f54a]" started-at="2024-02-23T15:57:18 IST" name="VerifyProductAddTOCart" finished-at="2024-02-23T15:57:33 IST" duration-ms="15061" status="PASS">
          <reporter-output>
          </reporter-output>
        </test-method> <!-- VerifyProductAddTOCart -->
        <test-method is-config="true" signature="tearDown()[pri:0, instance:com.saucedemo.TestPack.TC03_VerifyProductAddTOCart@38d8f54a]" started-at="2024-02-23T15:57:33 IST" name="tearDown" finished-at="2024-02-23T15:57:38 IST" duration-ms="4639" status="PASS">
          <reporter-output>
          </reporter-output>
        </test-method> <!-- tearDown -->
      </class> <!-- com.saucedemo.TestPack.TC03_VerifyProductAddTOCart -->
      <class name="com.saucedemo.TestPack.TC04_VerifyAllProductAddToCart">
        <test-method is-config="true" signature="preMethod(java.lang.String)[pri:0, instance:com.saucedemo.TestPack.TC04_VerifyAllProductAddToCart@49e53c76]" started-at="2024-02-23T15:56:34 IST" name="preMethod" finished-at="2024-02-23T15:57:14 IST" duration-ms="39233" status="PASS">
          <params>
            <param index="0">
              <value>
                <![CDATA[chrome]]>
              </value>
            </param>
          </params>
          <reporter-output>
          </reporter-output>
        </test-method> <!-- preMethod -->
        <test-method signature="VerifyAllProductAddToCart()[pri:0, instance:com.saucedemo.TestPack.TC04_VerifyAllProductAddToCart@49e53c76]" started-at="2024-02-23T15:57:18 IST" name="VerifyAllProductAddToCart" finished-at="2024-02-23T15:57:40 IST" duration-ms="21555" status="PASS">
          <reporter-output>
          </reporter-output>
        </test-method> <!-- VerifyAllProductAddToCart -->
        <test-method is-config="true" signature="tearDown()[pri:0, instance:com.saucedemo.TestPack.TC04_VerifyAllProductAddToCart@49e53c76]" started-at="2024-02-23T15:57:40 IST" name="tearDown" finished-at="2024-02-23T15:57:40 IST" duration-ms="337" status="PASS">
          <reporter-output>
          </reporter-output>
        </test-method> <!-- tearDown -->
      </class> <!-- com.saucedemo.TestPack.TC04_VerifyAllProductAddToCart -->
      <class name="com.saucedemo.TestPack.TC02_VerifyClickOnProductFunctioality">
        <test-method is-config="true" signature="preMethod(java.lang.String)[pri:0, instance:com.saucedemo.TestPack.TC02_VerifyClickOnProductFunctioality@409bf450]" started-at="2024-02-23T15:56:34 IST" name="preMethod" finished-at="2024-02-23T15:57:14 IST" duration-ms="39233" status="PASS">
          <params>
            <param index="0">
              <value>
                <![CDATA[chrome]]>
              </value>
            </param>
          </params>
          <reporter-output>
          </reporter-output>
        </test-method> <!-- preMethod -->
        <test-method signature="verifyClickOnProductFunctioality()[pri:0, instance:com.saucedemo.TestPack.TC02_VerifyClickOnProductFunctioality@409bf450]" started-at="2024-02-23T15:57:18 IST" name="verifyClickOnProductFunctioality" finished-at="2024-02-23T15:57:37 IST" duration-ms="18871" status="PASS">
          <reporter-output>
          </reporter-output>
        </test-method> <!-- verifyClickOnProductFunctioality -->
        <test-method is-config="true" signature="tearDown()[pri:0, instance:com.saucedemo.TestPack.TC02_VerifyClickOnProductFunctioality@409bf450]" started-at="2024-02-23T15:57:37 IST" name="tearDown" finished-at="2024-02-23T15:57:37 IST" duration-ms="431" status="PASS">
          <reporter-output>
          </reporter-output>
        </test-method> <!-- tearDown -->
      </class> <!-- com.saucedemo.TestPack.TC02_VerifyClickOnProductFunctioality -->
    </test> <!-- HighPTest -->
    <test started-at="2024-02-23T15:57:40 IST" name="LowPTest" finished-at="2024-02-23T15:58:52 IST" duration-ms="71859">
      <class name="com.saucedemo.TestPack.TC08_VerifyLogoutFunctionality">
        <test-method is-config="true" signature="preMethod(java.lang.String)[pri:0, instance:com.saucedemo.TestPack.TC08_VerifyLogoutFunctionality@7c7a06ec]" started-at="2024-02-23T15:57:40 IST" name="preMethod" finished-at="2024-02-23T15:58:02 IST" duration-ms="22272" status="PASS">
          <params>
            <param index="0">
              <value>
                <![CDATA[chrome]]>
              </value>
            </param>
          </params>
          <reporter-output>
          </reporter-output>
        </test-method> <!-- preMethod -->
        <test-method signature="verifyLogoutFunctionality()[pri:0, instance:com.saucedemo.TestPack.TC08_VerifyLogoutFunctionality@7c7a06ec]" started-at="2024-02-23T15:58:02 IST" name="verifyLogoutFunctionality" finished-at="2024-02-23T15:58:17 IST" duration-ms="14642" status="PASS">
          <reporter-output>
          </reporter-output>
        </test-method> <!-- verifyLogoutFunctionality -->
        <test-method is-config="true" signature="tearDown()[pri:0, instance:com.saucedemo.TestPack.TC08_VerifyLogoutFunctionality@7c7a06ec]" started-at="2024-02-23T15:58:17 IST" name="tearDown" finished-at="2024-02-23T15:58:24 IST" duration-ms="6802" status="PASS">
          <reporter-output>
          </reporter-output>
        </test-method> <!-- tearDown -->
      </class> <!-- com.saucedemo.TestPack.TC08_VerifyLogoutFunctionality -->
      <class name="com.saucedemo.TestPack.TC07_VerifyAboutFunctionality">
        <test-method is-config="true" signature="preMethod(java.lang.String)[pri:0, instance:com.saucedemo.TestPack.TC07_VerifyAboutFunctionality@5b7a5baa]" started-at="2024-02-23T15:57:40 IST" name="preMethod" finished-at="2024-02-23T15:58:02 IST" duration-ms="21988" status="PASS">
          <params>
            <param index="0">
              <value>
                <![CDATA[chrome]]>
              </value>
            </param>
          </params>
          <reporter-output>
          </reporter-output>
        </test-method> <!-- preMethod -->
        <test-method signature="verifyAboutFunctionality()[pri:0, instance:com.saucedemo.TestPack.TC07_VerifyAboutFunctionality@5b7a5baa]" started-at="2024-02-23T15:58:02 IST" name="verifyAboutFunctionality" finished-at="2024-02-23T15:58:52 IST" duration-ms="49500" status="PASS">
          <reporter-output>
          </reporter-output>
        </test-method> <!-- verifyAboutFunctionality -->
        <test-method is-config="true" signature="tearDown()[pri:0, instance:com.saucedemo.TestPack.TC07_VerifyAboutFunctionality@5b7a5baa]" started-at="2024-02-23T15:58:52 IST" name="tearDown" finished-at="2024-02-23T15:58:52 IST" duration-ms="363" status="PASS">
          <reporter-output>
          </reporter-output>
        </test-method> <!-- tearDown -->
      </class> <!-- com.saucedemo.TestPack.TC07_VerifyAboutFunctionality -->
      <class name="com.saucedemo.TestPack.TC05_VerifyEndToEndFuntionality">
        <test-method is-config="true" signature="preMethod(java.lang.String)[pri:0, instance:com.saucedemo.TestPack.TC05_VerifyEndToEndFuntionality@175c2241]" started-at="2024-02-23T15:57:40 IST" name="preMethod" finished-at="2024-02-23T15:57:57 IST" duration-ms="16760" status="PASS">
          <params>
            <param index="0">
              <value>
                <![CDATA[chrome]]>
              </value>
            </param>
          </params>
          <reporter-output>
          </reporter-output>
        </test-method> <!-- preMethod -->
        <test-method signature="VerifyEndToEndFuntionality()[pri:0, instance:com.saucedemo.TestPack.TC05_VerifyEndToEndFuntionality@175c2241]" started-at="2024-02-23T15:57:57 IST" name="VerifyEndToEndFuntionality" finished-at="2024-02-23T15:58:40 IST" duration-ms="43363" status="PASS">
          <reporter-output>
          </reporter-output>
        </test-method> <!-- VerifyEndToEndFuntionality -->
        <test-method is-config="true" signature="tearDown()[pri:0, instance:com.saucedemo.TestPack.TC05_VerifyEndToEndFuntionality@175c2241]" started-at="2024-02-23T15:58:40 IST" name="tearDown" finished-at="2024-02-23T15:58:41 IST" duration-ms="957" status="PASS">
          <reporter-output>
          </reporter-output>
        </test-method> <!-- tearDown -->
      </class> <!-- com.saucedemo.TestPack.TC05_VerifyEndToEndFuntionality -->
      <class name="com.saucedemo.TestPack.TC06_VerifyFilterFunctionality">
        <test-method is-config="true" signature="preMethod(java.lang.String)[pri:0, instance:com.saucedemo.TestPack.TC06_VerifyFilterFunctionality@5bf0d49]" started-at="2024-02-23T15:57:40 IST" name="preMethod" finished-at="2024-02-23T15:58:03 IST" duration-ms="22597" status="PASS">
          <params>
            <param index="0">
              <value>
                <![CDATA[chrome]]>
              </value>
            </param>
          </params>
          <reporter-output>
          </reporter-output>
        </test-method> <!-- preMethod -->
        <test-method signature="VerifyFilterFunctionality()[pri:0, instance:com.saucedemo.TestPack.TC06_VerifyFilterFunctionality@5bf0d49]" started-at="2024-02-23T15:58:03 IST" name="VerifyFilterFunctionality" finished-at="2024-02-23T15:58:22 IST" duration-ms="19331" status="PASS">
          <reporter-output>
          </reporter-output>
        </test-method> <!-- VerifyFilterFunctionality -->
        <test-method is-config="true" signature="tearDown()[pri:0, instance:com.saucedemo.TestPack.TC06_VerifyFilterFunctionality@5bf0d49]" started-at="2024-02-23T15:58:22 IST" name="tearDown" finished-at="2024-02-23T15:58:23 IST" duration-ms="983" status="PASS">
          <reporter-output>
          </reporter-output>
        </test-method> <!-- tearDown -->
      </class> <!-- com.saucedemo.TestPack.TC06_VerifyFilterFunctionality -->
    </test> <!-- LowPTest -->
  </suite> <!-- Suite -->
</testng-results>
